0 info it worked if it ends with ok
1 verbose cli [ '/usr/local/bin/node',
1 verbose cli   '/Users/raungreen/node_modules/.bin/npm',
1 verbose cli   'install',
1 verbose cli   '--save',
1 verbose cli   'argon2@0.21.0',
1 verbose cli   '--color=always' ]
2 info using npm@3.10.10
3 info using node@v10.15.1
4 silly loadCurrentTree Starting
5 silly install loadCurrentTree
6 silly install readLocalPackageData
7 silly fetchPackageMetaData argon2@0.21.0
8 silly fetchNamedPackageData argon2
9 silly mapToRegistry name argon2
10 silly mapToRegistry using default registry
11 silly mapToRegistry registry https://registry.npmjs.org/
12 silly mapToRegistry data Result {
12 silly mapToRegistry   raw: 'argon2',
12 silly mapToRegistry   scope: null,
12 silly mapToRegistry   escapedName: 'argon2',
12 silly mapToRegistry   name: 'argon2',
12 silly mapToRegistry   rawSpec: '',
12 silly mapToRegistry   spec: 'latest',
12 silly mapToRegistry   type: 'tag' }
13 silly mapToRegistry uri https://registry.npmjs.org/argon2
14 verbose request uri https://registry.npmjs.org/argon2
15 verbose request no auth needed
16 info attempt registry request try #1 at 10:01:43 PM
17 verbose request id 799204a975da6ff9
18 verbose etag W/"002b35c0b762c1c101b675ccb3efed1c"
19 verbose lastModified Tue, 05 Mar 2019 02:01:00 GMT
20 http request GET https://registry.npmjs.org/argon2
21 http 304 https://registry.npmjs.org/argon2
22 verbose headers { date: 'Wed, 24 Apr 2019 03:01:43 GMT',
22 verbose headers   connection: 'keep-alive',
22 verbose headers   'set-cookie':
22 verbose headers    [ '__cfduid=dbd8aab3f291a098135efebbc77af60aa1556074903; expires=Thu, 23-Apr-20 03:01:43 GMT; path=/; domain=.registry.npmjs.org; HttpOnly' ],
22 verbose headers   'cf-cache-status': 'HIT',
22 verbose headers   'cache-control': 'max-age=300',
22 verbose headers   'cf-ray': '4cc4d592be732555-ORD',
22 verbose headers   etag: '"002b35c0b762c1c101b675ccb3efed1c"',
22 verbose headers   'expect-ct':
22 verbose headers    'max-age=604800, report-uri="https://report-uri.cloudflare.com/cdn-cgi/beacon/expect-ct"',
22 verbose headers   'last-modified': 'Tue, 05 Mar 2019 02:01:00 GMT',
22 verbose headers   vary: 'accept-encoding, accept',
22 verbose headers   'x-amz-meta-rev': '55-eb8ad14e3659e5603943e6515f847aef',
22 verbose headers   server: 'cloudflare' }
23 silly get cb [ 304,
23 silly get   { date: 'Wed, 24 Apr 2019 03:01:43 GMT',
23 silly get     connection: 'keep-alive',
23 silly get     'set-cookie':
23 silly get      [ '__cfduid=dbd8aab3f291a098135efebbc77af60aa1556074903; expires=Thu, 23-Apr-20 03:01:43 GMT; path=/; domain=.registry.npmjs.org; HttpOnly' ],
23 silly get     'cf-cache-status': 'HIT',
23 silly get     'cache-control': 'max-age=300',
23 silly get     'cf-ray': '4cc4d592be732555-ORD',
23 silly get     etag: '"002b35c0b762c1c101b675ccb3efed1c"',
23 silly get     'expect-ct':
23 silly get      'max-age=604800, report-uri="https://report-uri.cloudflare.com/cdn-cgi/beacon/expect-ct"',
23 silly get     'last-modified': 'Tue, 05 Mar 2019 02:01:00 GMT',
23 silly get     vary: 'accept-encoding, accept',
23 silly get     'x-amz-meta-rev': '55-eb8ad14e3659e5603943e6515f847aef',
23 silly get     server: 'cloudflare' } ]
24 verbose etag https://registry.npmjs.org/argon2 from cache
25 verbose get saving argon2 to /Users/raungreen/.npm/registry.npmjs.org/argon2/.cache.json
26 verbose correctMkdir /Users/raungreen/.npm correctMkdir not in flight; initializing
27 silly install normalizeTree
28 silly loadCurrentTree Finishing
29 silly loadIdealTree Starting
30 silly install loadIdealTree
31 silly cloneCurrentTree Starting
32 silly install cloneCurrentTreeToIdealTree
33 silly cloneCurrentTree Finishing
34 silly loadShrinkwrap Starting
35 silly install loadShrinkwrap
36 silly loadShrinkwrap Finishing
37 silly loadAllDepsIntoIdealTree Starting
38 silly install loadAllDepsIntoIdealTree
39 silly resolveWithNewModule argon2@0.21.0 checking installable status
40 silly cache add args [ 'argon2@0.21.0', null ]
41 verbose cache add spec argon2@0.21.0
42 silly cache add parsed spec Result {
42 silly cache add   raw: 'argon2@0.21.0',
42 silly cache add   scope: null,
42 silly cache add   escapedName: 'argon2',
42 silly cache add   name: 'argon2',
42 silly cache add   rawSpec: '0.21.0',
42 silly cache add   spec: '0.21.0',
42 silly cache add   type: 'version' }
43 silly addNamed argon2@0.21.0
44 verbose addNamed "0.21.0" is a plain semver version for argon2
45 silly mapToRegistry name argon2
46 silly mapToRegistry using default registry
47 silly mapToRegistry registry https://registry.npmjs.org/
48 silly mapToRegistry data Result {
48 silly mapToRegistry   raw: 'argon2',
48 silly mapToRegistry   scope: null,
48 silly mapToRegistry   escapedName: 'argon2',
48 silly mapToRegistry   name: 'argon2',
48 silly mapToRegistry   rawSpec: '',
48 silly mapToRegistry   spec: 'latest',
48 silly mapToRegistry   type: 'tag' }
49 silly mapToRegistry uri https://registry.npmjs.org/argon2
50 verbose addNameVersion registry:https://registry.npmjs.org/argon2 not in flight; fetching
51 verbose get https://registry.npmjs.org/argon2 not expired, no request
52 silly cache afterAdd argon2@0.21.0
53 verbose afterAdd /Users/raungreen/.npm/argon2/0.21.0/package/package.json not in flight; writing
54 verbose correctMkdir /Users/raungreen/.npm correctMkdir not in flight; initializing
55 verbose afterAdd /Users/raungreen/.npm/argon2/0.21.0/package/package.json written
56 silly fetchNamedPackageData @phc/format
57 silly mapToRegistry name @phc/format
58 silly mapToRegistry scope (from package name) @phc
59 verbose mapToRegistry no registry URL found in name for scope @phc
60 silly mapToRegistry using default registry
61 silly mapToRegistry registry https://registry.npmjs.org/
62 silly mapToRegistry data Result {
62 silly mapToRegistry   raw: '@phc/format',
62 silly mapToRegistry   scope: '@phc',
62 silly mapToRegistry   escapedName: '@phc%2fformat',
62 silly mapToRegistry   name: '@phc/format',
62 silly mapToRegistry   rawSpec: '',
62 silly mapToRegistry   spec: 'latest',
62 silly mapToRegistry   type: 'tag' }
63 silly mapToRegistry uri https://registry.npmjs.org/@phc%2fformat
64 silly fetchNamedPackageData bindings
65 silly mapToRegistry name bindings
66 silly mapToRegistry using default registry
67 silly mapToRegistry registry https://registry.npmjs.org/
68 silly mapToRegistry data Result {
68 silly mapToRegistry   raw: 'bindings',
68 silly mapToRegistry   scope: null,
68 silly mapToRegistry   escapedName: 'bindings',
68 silly mapToRegistry   name: 'bindings',
68 silly mapToRegistry   rawSpec: '',
68 silly mapToRegistry   spec: 'latest',
68 silly mapToRegistry   type: 'tag' }
69 silly mapToRegistry uri https://registry.npmjs.org/bindings
70 silly fetchNamedPackageData node-addon-api
71 silly mapToRegistry name node-addon-api
72 silly mapToRegistry using default registry
73 silly mapToRegistry registry https://registry.npmjs.org/
74 silly mapToRegistry data Result {
74 silly mapToRegistry   raw: 'node-addon-api',
74 silly mapToRegistry   scope: null,
74 silly mapToRegistry   escapedName: 'node-addon-api',
74 silly mapToRegistry   name: 'node-addon-api',
74 silly mapToRegistry   rawSpec: '',
74 silly mapToRegistry   spec: 'latest',
74 silly mapToRegistry   type: 'tag' }
75 silly mapToRegistry uri https://registry.npmjs.org/node-addon-api
76 verbose request uri https://registry.npmjs.org/bindings
77 verbose request no auth needed
78 info attempt registry request try #1 at 10:01:43 PM
79 verbose etag W/"8dfe34716157e36596b3ba5e5fcfb617"
80 verbose lastModified Wed, 27 Feb 2019 22:54:48 GMT
81 http request GET https://registry.npmjs.org/bindings
82 verbose request uri https://registry.npmjs.org/node-addon-api
83 verbose request no auth needed
84 info attempt registry request try #1 at 10:01:43 PM
85 verbose etag W/"b0b8663cb5e0ff3ef35c2702f056c521"
86 verbose lastModified Wed, 03 Apr 2019 21:36:45 GMT
87 http request GET https://registry.npmjs.org/node-addon-api
88 verbose request uri https://registry.npmjs.org/@phc%2fformat
89 verbose request no auth needed
90 info attempt registry request try #1 at 10:01:43 PM
91 verbose etag W/"c3dedb0f9bd6c6023660ab188899f754"
92 verbose lastModified Sat, 14 Jul 2018 12:29:13 GMT
93 http request GET https://registry.npmjs.org/@phc%2fformat
94 http 304 https://registry.npmjs.org/bindings
95 verbose headers { date: 'Wed, 24 Apr 2019 03:01:43 GMT',
95 verbose headers   connection: 'keep-alive',
95 verbose headers   'set-cookie':
95 verbose headers    [ '__cfduid=dbd8aab3f291a098135efebbc77af60aa1556074903; expires=Thu, 23-Apr-20 03:01:43 GMT; path=/; domain=.registry.npmjs.org; HttpOnly' ],
95 verbose headers   'cf-cache-status': 'HIT',
95 verbose headers   'cache-control': 'max-age=300',
95 verbose headers   'cf-ray': '4cc4d5941f6c2555-ORD',
95 verbose headers   etag: '"8dfe34716157e36596b3ba5e5fcfb617"',
95 verbose headers   'expect-ct':
95 verbose headers    'max-age=604800, report-uri="https://report-uri.cloudflare.com/cdn-cgi/beacon/expect-ct"',
95 verbose headers   'last-modified': 'Wed, 27 Feb 2019 22:54:48 GMT',
95 verbose headers   vary: 'accept-encoding, accept',
95 verbose headers   'x-amz-meta-rev': '66-b1ca5aefc319d9a2058a07561bf4cc31',
95 verbose headers   server: 'cloudflare' }
96 silly get cb [ 304,
96 silly get   { date: 'Wed, 24 Apr 2019 03:01:43 GMT',
96 silly get     connection: 'keep-alive',
96 silly get     'set-cookie':
96 silly get      [ '__cfduid=dbd8aab3f291a098135efebbc77af60aa1556074903; expires=Thu, 23-Apr-20 03:01:43 GMT; path=/; domain=.registry.npmjs.org; HttpOnly' ],
96 silly get     'cf-cache-status': 'HIT',
96 silly get     'cache-control': 'max-age=300',
96 silly get     'cf-ray': '4cc4d5941f6c2555-ORD',
96 silly get     etag: '"8dfe34716157e36596b3ba5e5fcfb617"',
96 silly get     'expect-ct':
96 silly get      'max-age=604800, report-uri="https://report-uri.cloudflare.com/cdn-cgi/beacon/expect-ct"',
96 silly get     'last-modified': 'Wed, 27 Feb 2019 22:54:48 GMT',
96 silly get     vary: 'accept-encoding, accept',
96 silly get     'x-amz-meta-rev': '66-b1ca5aefc319d9a2058a07561bf4cc31',
96 silly get     server: 'cloudflare' } ]
97 verbose etag https://registry.npmjs.org/bindings from cache
98 verbose get saving bindings to /Users/raungreen/.npm/registry.npmjs.org/bindings/.cache.json
99 verbose correctMkdir /Users/raungreen/.npm correctMkdir not in flight; initializing
100 silly resolveWithNewModule bindings@1.5.0 checking installable status
101 silly cache add args [ 'bindings@^1.4.0', null ]
102 verbose cache add spec bindings@^1.4.0
103 silly cache add parsed spec Result {
103 silly cache add   raw: 'bindings@^1.4.0',
103 silly cache add   scope: null,
103 silly cache add   escapedName: 'bindings',
103 silly cache add   name: 'bindings',
103 silly cache add   rawSpec: '^1.4.0',
103 silly cache add   spec: '>=1.4.0 <2.0.0',
103 silly cache add   type: 'range' }
104 silly addNamed bindings@>=1.4.0 <2.0.0
105 verbose addNamed ">=1.4.0 <2.0.0" is a valid semver range for bindings
106 silly addNameRange { name: 'bindings', range: '>=1.4.0 <2.0.0', hasData: false }
107 silly mapToRegistry name bindings
108 silly mapToRegistry using default registry
109 silly mapToRegistry registry https://registry.npmjs.org/
110 silly mapToRegistry data Result {
110 silly mapToRegistry   raw: 'bindings',
110 silly mapToRegistry   scope: null,
110 silly mapToRegistry   escapedName: 'bindings',
110 silly mapToRegistry   name: 'bindings',
110 silly mapToRegistry   rawSpec: '',
110 silly mapToRegistry   spec: 'latest',
110 silly mapToRegistry   type: 'tag' }
111 silly mapToRegistry uri https://registry.npmjs.org/bindings
112 verbose addNameRange registry:https://registry.npmjs.org/bindings not in flight; fetching
113 verbose get https://registry.npmjs.org/bindings not expired, no request
114 silly addNameRange number 2 { name: 'bindings', range: '>=1.4.0 <2.0.0', hasData: true }
115 silly addNameRange versions [ 'bindings',
115 silly addNameRange   [ '0.0.1',
115 silly addNameRange     '0.1.0',
115 silly addNameRange     '0.1.1',
115 silly addNameRange     '0.2.0',
115 silly addNameRange     '0.2.1',
115 silly addNameRange     '0.2.2',
115 silly addNameRange     '0.2.3',
115 silly addNameRange     '0.2.4',
115 silly addNameRange     '0.3.0',
115 silly addNameRange     '0.4.0',
115 silly addNameRange     '1.0.0',
115 silly addNameRange     '1.1.0',
115 silly addNameRange     '1.1.1',
115 silly addNameRange     '1.2.0',
115 silly addNameRange     '1.2.1',
115 silly addNameRange     '1.3.0',
115 silly addNameRange     '1.3.1',
115 silly addNameRange     '1.4.0',
115 silly addNameRange     '1.5.0' ] ]
116 silly addNamed bindings@1.5.0
117 verbose addNamed "1.5.0" is a plain semver version for bindings
118 silly cache afterAdd bindings@1.5.0
119 verbose afterAdd /Users/raungreen/.npm/bindings/1.5.0/package/package.json not in flight; writing
120 verbose correctMkdir /Users/raungreen/.npm correctMkdir not in flight; initializing
121 verbose afterAdd /Users/raungreen/.npm/bindings/1.5.0/package/package.json written
122 http 304 https://registry.npmjs.org/node-addon-api
123 verbose headers { date: 'Wed, 24 Apr 2019 03:01:43 GMT',
123 verbose headers   connection: 'keep-alive',
123 verbose headers   'set-cookie':
123 verbose headers    [ '__cfduid=de42a4cd081afe0d04407f9110eb828171556074903; expires=Thu, 23-Apr-20 03:01:43 GMT; path=/; domain=.registry.npmjs.org; HttpOnly' ],
123 verbose headers   'cf-cache-status': 'HIT',
123 verbose headers   'cache-control': 'max-age=300',
123 verbose headers   'cf-ray': '4cc4d5947e90252b-ORD',
123 verbose headers   etag: '"b0b8663cb5e0ff3ef35c2702f056c521"',
123 verbose headers   'expect-ct':
123 verbose headers    'max-age=604800, report-uri="https://report-uri.cloudflare.com/cdn-cgi/beacon/expect-ct"',
123 verbose headers   'last-modified': 'Wed, 03 Apr 2019 21:36:45 GMT',
123 verbose headers   vary: 'accept-encoding, accept',
123 verbose headers   'x-amz-meta-rev': '31-3a1f2eb3e9f255c1588645cc512f801b',
123 verbose headers   server: 'cloudflare' }
124 silly get cb [ 304,
124 silly get   { date: 'Wed, 24 Apr 2019 03:01:43 GMT',
124 silly get     connection: 'keep-alive',
124 silly get     'set-cookie':
124 silly get      [ '__cfduid=de42a4cd081afe0d04407f9110eb828171556074903; expires=Thu, 23-Apr-20 03:01:43 GMT; path=/; domain=.registry.npmjs.org; HttpOnly' ],
124 silly get     'cf-cache-status': 'HIT',
124 silly get     'cache-control': 'max-age=300',
124 silly get     'cf-ray': '4cc4d5947e90252b-ORD',
124 silly get     etag: '"b0b8663cb5e0ff3ef35c2702f056c521"',
124 silly get     'expect-ct':
124 silly get      'max-age=604800, report-uri="https://report-uri.cloudflare.com/cdn-cgi/beacon/expect-ct"',
124 silly get     'last-modified': 'Wed, 03 Apr 2019 21:36:45 GMT',
124 silly get     vary: 'accept-encoding, accept',
124 silly get     'x-amz-meta-rev': '31-3a1f2eb3e9f255c1588645cc512f801b',
124 silly get     server: 'cloudflare' } ]
125 verbose etag https://registry.npmjs.org/node-addon-api from cache
126 verbose get saving node-addon-api to /Users/raungreen/.npm/registry.npmjs.org/node-addon-api/.cache.json
127 verbose correctMkdir /Users/raungreen/.npm correctMkdir not in flight; initializing
128 silly resolveWithNewModule node-addon-api@1.6.3 checking installable status
129 silly cache add args [ 'node-addon-api@^1.6.0', null ]
130 verbose cache add spec node-addon-api@^1.6.0
131 silly cache add parsed spec Result {
131 silly cache add   raw: 'node-addon-api@^1.6.0',
131 silly cache add   scope: null,
131 silly cache add   escapedName: 'node-addon-api',
131 silly cache add   name: 'node-addon-api',
131 silly cache add   rawSpec: '^1.6.0',
131 silly cache add   spec: '>=1.6.0 <2.0.0',
131 silly cache add   type: 'range' }
132 silly addNamed node-addon-api@>=1.6.0 <2.0.0
133 verbose addNamed ">=1.6.0 <2.0.0" is a valid semver range for node-addon-api
134 silly addNameRange { name: 'node-addon-api',
134 silly addNameRange   range: '>=1.6.0 <2.0.0',
134 silly addNameRange   hasData: false }
135 silly mapToRegistry name node-addon-api
136 silly mapToRegistry using default registry
137 silly mapToRegistry registry https://registry.npmjs.org/
138 silly mapToRegistry data Result {
138 silly mapToRegistry   raw: 'node-addon-api',
138 silly mapToRegistry   scope: null,
138 silly mapToRegistry   escapedName: 'node-addon-api',
138 silly mapToRegistry   name: 'node-addon-api',
138 silly mapToRegistry   rawSpec: '',
138 silly mapToRegistry   spec: 'latest',
138 silly mapToRegistry   type: 'tag' }
139 silly mapToRegistry uri https://registry.npmjs.org/node-addon-api
140 verbose addNameRange registry:https://registry.npmjs.org/node-addon-api not in flight; fetching
141 verbose get https://registry.npmjs.org/node-addon-api not expired, no request
142 silly addNameRange number 2 { name: 'node-addon-api',
142 silly addNameRange   range: '>=1.6.0 <2.0.0',
142 silly addNameRange   hasData: true }
143 silly addNameRange versions [ 'node-addon-api',
143 silly addNameRange   [ '0.1.0',
143 silly addNameRange     '0.2.0',
143 silly addNameRange     '0.3.0',
143 silly addNameRange     '0.3.1',
143 silly addNameRange     '0.3.4',
143 silly addNameRange     '0.3.5',
143 silly addNameRange     '0.4.0',
143 silly addNameRange     '0.5.0',
143 silly addNameRange     '0.5.1',
143 silly addNameRange     '0.6.2',
143 silly addNameRange     '0.6.3',
143 silly addNameRange     '1.0.0',
143 silly addNameRange     '1.1.0',
143 silly addNameRange     '1.2.0',
143 silly addNameRange     '1.3.0',
143 silly addNameRange     '1.4.0',
143 silly addNameRange     '1.5.0',
143 silly addNameRange     '1.6.0',
143 silly addNameRange     '1.6.1',
143 silly addNameRange     '1.6.2',
143 silly addNameRange     '1.6.3' ] ]
144 silly addNamed node-addon-api@1.6.3
145 verbose addNamed "1.6.3" is a plain semver version for node-addon-api
146 silly cache afterAdd node-addon-api@1.6.3
147 verbose afterAdd /Users/raungreen/.npm/node-addon-api/1.6.3/package/package.json not in flight; writing
148 verbose correctMkdir /Users/raungreen/.npm correctMkdir not in flight; initializing
149 verbose afterAdd /Users/raungreen/.npm/node-addon-api/1.6.3/package/package.json written
150 http 304 https://registry.npmjs.org/@phc%2fformat
151 verbose headers { date: 'Wed, 24 Apr 2019 03:01:44 GMT',
151 verbose headers   connection: 'keep-alive',
151 verbose headers   'set-cookie':
151 verbose headers    [ '__cfduid=dbd8aab3f291a098135efebbc77af60aa1556074903; expires=Thu, 23-Apr-20 03:01:43 GMT; path=/; domain=.registry.npmjs.org; HttpOnly' ],
151 verbose headers   'cf-cache-status': 'HIT',
151 verbose headers   'cache-control': 'public, max-age=300',
151 verbose headers   'cf-ray': '4cc4d5948fde2555-ORD',
151 verbose headers   etag: '"c3dedb0f9bd6c6023660ab188899f754"',
151 verbose headers   'expect-ct':
151 verbose headers    'max-age=604800, report-uri="https://report-uri.cloudflare.com/cdn-cgi/beacon/expect-ct"',
151 verbose headers   'last-modified': 'Sat, 14 Jul 2018 12:29:13 GMT',
151 verbose headers   vary: 'Accept-Encoding',
151 verbose headers   server: 'cloudflare' }
152 silly get cb [ 304,
152 silly get   { date: 'Wed, 24 Apr 2019 03:01:44 GMT',
152 silly get     connection: 'keep-alive',
152 silly get     'set-cookie':
152 silly get      [ '__cfduid=dbd8aab3f291a098135efebbc77af60aa1556074903; expires=Thu, 23-Apr-20 03:01:43 GMT; path=/; domain=.registry.npmjs.org; HttpOnly' ],
152 silly get     'cf-cache-status': 'HIT',
152 silly get     'cache-control': 'public, max-age=300',
152 silly get     'cf-ray': '4cc4d5948fde2555-ORD',
152 silly get     etag: '"c3dedb0f9bd6c6023660ab188899f754"',
152 silly get     'expect-ct':
152 silly get      'max-age=604800, report-uri="https://report-uri.cloudflare.com/cdn-cgi/beacon/expect-ct"',
152 silly get     'last-modified': 'Sat, 14 Jul 2018 12:29:13 GMT',
152 silly get     vary: 'Accept-Encoding',
152 silly get     server: 'cloudflare' } ]
153 verbose etag https://registry.npmjs.org/@phc%2fformat from cache
154 verbose get saving @phc/format to /Users/raungreen/.npm/registry.npmjs.org/_40phc_252fformat/.cache.json
155 verbose correctMkdir /Users/raungreen/.npm correctMkdir not in flight; initializing
156 silly resolveWithNewModule @phc/format@0.5.0 checking installable status
157 silly cache add args [ '@phc/format@^0.5.0', null ]
158 verbose cache add spec @phc/format@^0.5.0
159 silly cache add parsed spec Result {
159 silly cache add   raw: '@phc/format@^0.5.0',
159 silly cache add   scope: '@phc',
159 silly cache add   escapedName: '@phc%2fformat',
159 silly cache add   name: '@phc/format',
159 silly cache add   rawSpec: '^0.5.0',
159 silly cache add   spec: '>=0.5.0 <0.6.0',
159 silly cache add   type: 'range' }
160 silly addNamed @phc/format@>=0.5.0 <0.6.0
161 verbose addNamed ">=0.5.0 <0.6.0" is a valid semver range for @phc/format
162 silly addNameRange { name: '@phc/format', range: '>=0.5.0 <0.6.0', hasData: false }
163 silly mapToRegistry name @phc/format
164 silly mapToRegistry scope (from package name) @phc
165 verbose mapToRegistry no registry URL found in name for scope @phc
166 silly mapToRegistry using default registry
167 silly mapToRegistry registry https://registry.npmjs.org/
168 silly mapToRegistry data Result {
168 silly mapToRegistry   raw: '@phc/format',
168 silly mapToRegistry   scope: '@phc',
168 silly mapToRegistry   escapedName: '@phc%2fformat',
168 silly mapToRegistry   name: '@phc/format',
168 silly mapToRegistry   rawSpec: '',
168 silly mapToRegistry   spec: 'latest',
168 silly mapToRegistry   type: 'tag' }
169 silly mapToRegistry uri https://registry.npmjs.org/@phc%2fformat
170 verbose addNameRange registry:https://registry.npmjs.org/@phc%2fformat not in flight; fetching
171 verbose get https://registry.npmjs.org/@phc%2fformat not expired, no request
172 silly addNameRange number 2 { name: '@phc/format', range: '>=0.5.0 <0.6.0', hasData: true }
173 silly addNameRange versions [ '@phc/format',
173 silly addNameRange   [ '0.1.0',
173 silly addNameRange     '0.1.1',
173 silly addNameRange     '0.2.0',
173 silly addNameRange     '0.3.0',
173 silly addNameRange     '0.3.1',
173 silly addNameRange     '0.3.2',
173 silly addNameRange     '0.3.3',
173 silly addNameRange     '0.3.4',
173 silly addNameRange     '0.3.5',
173 silly addNameRange     '0.4.0',
173 silly addNameRange     '0.4.1',
173 silly addNameRange     '0.4.2',
173 silly addNameRange     '0.4.3',
173 silly addNameRange     '0.5.0' ] ]
174 silly addNamed @phc/format@0.5.0
175 verbose addNamed "0.5.0" is a plain semver version for @phc/format
176 silly cache afterAdd @phc/format@0.5.0
177 verbose afterAdd /Users/raungreen/.npm/@phc/format/0.5.0/package/package.json not in flight; writing
178 verbose correctMkdir /Users/raungreen/.npm correctMkdir not in flight; initializing
179 verbose afterAdd /Users/raungreen/.npm/@phc/format/0.5.0/package/package.json written
180 silly fetchNamedPackageData file-uri-to-path
181 silly mapToRegistry name file-uri-to-path
182 silly mapToRegistry using default registry
183 silly mapToRegistry registry https://registry.npmjs.org/
184 silly mapToRegistry data Result {
184 silly mapToRegistry   raw: 'file-uri-to-path',
184 silly mapToRegistry   scope: null,
184 silly mapToRegistry   escapedName: 'file-uri-to-path',
184 silly mapToRegistry   name: 'file-uri-to-path',
184 silly mapToRegistry   rawSpec: '',
184 silly mapToRegistry   spec: 'latest',
184 silly mapToRegistry   type: 'tag' }
185 silly mapToRegistry uri https://registry.npmjs.org/file-uri-to-path
186 verbose request uri https://registry.npmjs.org/file-uri-to-path
187 verbose request no auth needed
188 info attempt registry request try #1 at 10:01:44 PM
189 verbose etag W/"a46a99a4fe2a6ff8e9e990ade23fa65e"
190 verbose lastModified Sun, 27 May 2018 00:39:17 GMT
191 http request GET https://registry.npmjs.org/file-uri-to-path
192 http 304 https://registry.npmjs.org/file-uri-to-path
193 verbose headers { date: 'Wed, 24 Apr 2019 03:01:44 GMT',
193 verbose headers   connection: 'keep-alive',
193 verbose headers   'set-cookie':
193 verbose headers    [ '__cfduid=d875181a761c4faecdc6c1f2fee5faa791556074904; expires=Thu, 23-Apr-20 03:01:44 GMT; path=/; domain=.registry.npmjs.org; HttpOnly' ],
193 verbose headers   'cf-cache-status': 'HIT',
193 verbose headers   'cache-control': 'max-age=300',
193 verbose headers   'cf-ray': '4cc4d597b9e32555-ORD',
193 verbose headers   etag: '"a46a99a4fe2a6ff8e9e990ade23fa65e"',
193 verbose headers   'expect-ct':
193 verbose headers    'max-age=604800, report-uri="https://report-uri.cloudflare.com/cdn-cgi/beacon/expect-ct"',
193 verbose headers   'last-modified': 'Sun, 27 May 2018 00:39:17 GMT',
193 verbose headers   vary: 'accept-encoding, accept',
193 verbose headers   server: 'cloudflare' }
194 silly get cb [ 304,
194 silly get   { date: 'Wed, 24 Apr 2019 03:01:44 GMT',
194 silly get     connection: 'keep-alive',
194 silly get     'set-cookie':
194 silly get      [ '__cfduid=d875181a761c4faecdc6c1f2fee5faa791556074904; expires=Thu, 23-Apr-20 03:01:44 GMT; path=/; domain=.registry.npmjs.org; HttpOnly' ],
194 silly get     'cf-cache-status': 'HIT',
194 silly get     'cache-control': 'max-age=300',
194 silly get     'cf-ray': '4cc4d597b9e32555-ORD',
194 silly get     etag: '"a46a99a4fe2a6ff8e9e990ade23fa65e"',
194 silly get     'expect-ct':
194 silly get      'max-age=604800, report-uri="https://report-uri.cloudflare.com/cdn-cgi/beacon/expect-ct"',
194 silly get     'last-modified': 'Sun, 27 May 2018 00:39:17 GMT',
194 silly get     vary: 'accept-encoding, accept',
194 silly get     server: 'cloudflare' } ]
195 verbose etag https://registry.npmjs.org/file-uri-to-path from cache
196 verbose get saving file-uri-to-path to /Users/raungreen/.npm/registry.npmjs.org/file-uri-to-path/.cache.json
197 verbose correctMkdir /Users/raungreen/.npm correctMkdir not in flight; initializing
198 silly resolveWithNewModule file-uri-to-path@1.0.0 checking installable status
199 silly cache add args [ 'file-uri-to-path@1.0.0', null ]
200 verbose cache add spec file-uri-to-path@1.0.0
201 silly cache add parsed spec Result {
201 silly cache add   raw: 'file-uri-to-path@1.0.0',
201 silly cache add   scope: null,
201 silly cache add   escapedName: 'file-uri-to-path',
201 silly cache add   name: 'file-uri-to-path',
201 silly cache add   rawSpec: '1.0.0',
201 silly cache add   spec: '1.0.0',
201 silly cache add   type: 'version' }
202 silly addNamed file-uri-to-path@1.0.0
203 verbose addNamed "1.0.0" is a plain semver version for file-uri-to-path
204 silly mapToRegistry name file-uri-to-path
205 silly mapToRegistry using default registry
206 silly mapToRegistry registry https://registry.npmjs.org/
207 silly mapToRegistry data Result {
207 silly mapToRegistry   raw: 'file-uri-to-path',
207 silly mapToRegistry   scope: null,
207 silly mapToRegistry   escapedName: 'file-uri-to-path',
207 silly mapToRegistry   name: 'file-uri-to-path',
207 silly mapToRegistry   rawSpec: '',
207 silly mapToRegistry   spec: 'latest',
207 silly mapToRegistry   type: 'tag' }
208 silly mapToRegistry uri https://registry.npmjs.org/file-uri-to-path
209 verbose addNameVersion registry:https://registry.npmjs.org/file-uri-to-path not in flight; fetching
210 verbose get https://registry.npmjs.org/file-uri-to-path not expired, no request
211 silly cache afterAdd file-uri-to-path@1.0.0
212 verbose afterAdd /Users/raungreen/.npm/file-uri-to-path/1.0.0/package/package.json not in flight; writing
213 verbose correctMkdir /Users/raungreen/.npm correctMkdir not in flight; initializing
214 verbose afterAdd /Users/raungreen/.npm/file-uri-to-path/1.0.0/package/package.json written
215 silly loadAllDepsIntoIdealTree Finishing
216 silly loadIdealTree Finishing
217 silly currentTree backend_api@1.0.0
217 silly currentTree ├── @types/body-parser@1.17.0
217 silly currentTree ├── @types/bson@4.0.0
217 silly currentTree ├── @types/connect@3.4.32
217 silly currentTree ├── @types/express-rate-limit@3.3.0
217 silly currentTree ├── @types/express-serve-static-core@4.16.2
217 silly currentTree ├── @types/express@4.16.1
217 silly currentTree ├── @types/jsonwebtoken@8.3.2
217 silly currentTree ├── @types/mime@2.0.1
217 silly currentTree ├── @types/mongodb@3.1.23
217 silly currentTree ├── @types/mongoose@5.3.26
217 silly currentTree ├── @types/morgan@1.7.35
217 silly currentTree ├── @types/multer@1.3.7
217 silly currentTree ├── @types/node@11.13.0
217 silly currentTree ├── @types/range-parser@1.2.3
217 silly currentTree ├── @types/serve-static@1.13.2
217 silly currentTree ├── @types/uuid@3.4.4
217 silly currentTree ├── abort-controller@3.0.0
217 silly currentTree ├── accepts@1.3.5
217 silly currentTree ├── agent-base@4.2.1
217 silly currentTree ├── ansi-regex@2.1.1
217 silly currentTree ├── any-promise@1.3.0
217 silly currentTree ├── append-field@1.0.0
217 silly currentTree ├── array-flatten@1.1.1
217 silly currentTree ├── assert-options@0.1.3
217 silly currentTree ├── async@2.6.1
217 silly currentTree ├── base64-js@1.3.0
217 silly currentTree ├── basic-auth@2.0.1
217 silly currentTree ├── bignumber.js@4.1.0
217 silly currentTree ├── bluebird@3.5.1
217 silly currentTree ├── body-parser@1.18.3
217 silly currentTree ├── bson@1.1.1
217 silly currentTree ├── buffer-equal-constant-time@1.0.1
217 silly currentTree ├── buffer-from@1.1.1
217 silly currentTree ├── buffer-writer@2.0.0
217 silly currentTree ├── busboy@0.2.14
217 silly currentTree ├── bytes@3.0.0
217 silly currentTree ├── camel-case@1.2.2
217 silly currentTree ├── camelcase@4.1.0
217 silly currentTree ├── change-case-object@2.0.0
217 silly currentTree ├─┬ cliui@3.2.0
217 silly currentTree │ └── string-width@1.0.2
217 silly currentTree ├── clone@1.0.4
217 silly currentTree ├── code-point-at@1.1.0
217 silly currentTree ├── commander@2.20.0
217 silly currentTree ├── commandpost@1.4.0
217 silly currentTree ├─┬ concat-stream@1.6.2
217 silly currentTree │ ├── isarray@1.0.0
217 silly currentTree │ ├── readable-stream@2.3.6
217 silly currentTree │ └── string_decoder@1.1.1
217 silly currentTree ├── content-disposition@0.5.2
217 silly currentTree ├── content-type@1.0.4
217 silly currentTree ├── cookie-signature@1.0.6
217 silly currentTree ├── cookie@0.3.1
217 silly currentTree ├── core-util-is@1.0.2
217 silly currentTree ├── cross-spawn@5.1.0
217 silly currentTree ├── debug@2.6.9
217 silly currentTree ├── decamelize@1.2.0
217 silly currentTree ├── defaults@1.0.3
217 silly currentTree ├── depd@1.1.2
217 silly currentTree ├── destroy@1.0.4
217 silly currentTree ├── dicer@0.2.5
217 silly currentTree ├── diff@3.5.0
217 silly currentTree ├── ecdsa-sig-formatter@1.0.11
217 silly currentTree ├─┬ editorconfig@0.15.3
217 silly currentTree │ └── semver@5.7.0
217 silly currentTree ├── ee-first@1.1.1
217 silly currentTree ├── encodeurl@1.0.2
217 silly currentTree ├── error-ex@1.3.2
217 silly currentTree ├── es6-promise@4.2.6
217 silly currentTree ├── es6-promisify@5.0.0
217 silly currentTree ├── escape-html@1.0.3
217 silly currentTree ├── etag@1.8.1
217 silly currentTree ├── event-target-shim@5.0.1
217 silly currentTree ├── execa@0.7.0
217 silly currentTree ├── express-rate-limit@3.4.1
217 silly currentTree ├── express@4.16.4
217 silly currentTree ├── extend@3.0.2
217 silly currentTree ├── fast-text-encoding@1.0.0
217 silly currentTree ├── finalhandler@1.1.1
217 silly currentTree ├── find-up@2.1.0
217 silly currentTree ├── forwarded@0.1.2
217 silly currentTree ├── fresh@0.5.2
217 silly currentTree ├── gaxios@1.8.4
217 silly currentTree ├── gcp-metadata@1.0.0
217 silly currentTree ├── get-caller-file@1.0.3
217 silly currentTree ├── get-stream@3.0.0
217 silly currentTree ├─┬ google-auth-library@3.1.2
217 silly currentTree │ ├── lru-cache@5.1.1
217 silly currentTree │ ├── semver@5.7.0
217 silly currentTree │ └── yallist@3.0.3
217 silly currentTree ├─┬ google-p12-pem@1.0.4
217 silly currentTree │ └── pify@4.0.1
217 silly currentTree ├── graceful-fs@4.1.15
217 silly currentTree ├─┬ gtoken@2.3.3
217 silly currentTree │ ├── mime@2.4.2
217 silly currentTree │ └── pify@4.0.1
217 silly currentTree ├── hosted-git-info@2.7.1
217 silly currentTree ├── http-errors@1.6.3
217 silly currentTree ├─┬ https-proxy-agent@2.2.1
217 silly currentTree │ ├── debug@3.2.6
217 silly currentTree │ └── ms@2.1.1
217 silly currentTree ├── iconv-lite@0.4.23
217 silly currentTree ├── inherits@2.0.3
217 silly currentTree ├── invert-kv@1.0.0
217 silly currentTree ├── ipaddr.js@1.8.0
217 silly currentTree ├── is-arrayish@0.2.1
217 silly currentTree ├── is-fullwidth-code-point@1.0.0
217 silly currentTree ├── is-stream@1.1.0
217 silly currentTree ├── isarray@0.0.1
217 silly currentTree ├── isexe@2.0.0
217 silly currentTree ├── js-string-escape@1.0.1
217 silly currentTree ├─┬ json-bigint@0.3.0
217 silly currentTree │ └── bignumber.js@7.2.1
217 silly currentTree ├─┬ jsonwebtoken@8.5.1
217 silly currentTree │ ├── ms@2.1.1
217 silly currentTree │ └── semver@5.7.0
217 silly currentTree ├── jwa@1.4.1
217 silly currentTree ├── jws@3.2.2
217 silly currentTree ├── kareem@2.3.0
217 silly currentTree ├── lcid@1.0.0
217 silly currentTree ├── load-json-file@2.0.0
217 silly currentTree ├── locate-path@2.0.0
217 silly currentTree ├── lodash.includes@4.3.0
217 silly currentTree ├── lodash.isboolean@3.0.3
217 silly currentTree ├── lodash.isinteger@4.0.4
217 silly currentTree ├── lodash.isnumber@3.0.3
217 silly currentTree ├── lodash.isplainobject@4.0.6
217 silly currentTree ├── lodash.isstring@4.0.1
217 silly currentTree ├── lodash.once@4.1.1
217 silly currentTree ├── lodash@4.17.11
217 silly currentTree ├── lower-case@1.1.4
217 silly currentTree ├── lru-cache@4.1.5
217 silly currentTree ├── manakin@0.5.2
217 silly currentTree ├── media-typer@0.3.0
217 silly currentTree ├── mem@1.1.0
217 silly currentTree ├── memory-pager@1.5.0
217 silly currentTree ├── merge-descriptors@1.0.1
217 silly currentTree ├── methods@1.1.2
217 silly currentTree ├── mime-db@1.38.0
217 silly currentTree ├── mime-types@2.1.22
217 silly currentTree ├── mime@1.4.1
217 silly currentTree ├── mimic-fn@1.2.0
217 silly currentTree ├── minimist@0.0.8
217 silly currentTree ├── mkdirp@0.5.1
217 silly currentTree ├── mongodb-core@3.2.2
217 silly currentTree ├── mongodb@3.2.2
217 silly currentTree ├── mongoose-legacy-pluralize@1.0.2
217 silly currentTree ├─┬ mongoose@5.5.3
217 silly currentTree │ └── ms@2.1.1
217 silly currentTree ├── morgan@1.9.1
217 silly currentTree ├── mpath@0.5.1
217 silly currentTree ├─┬ mquery@3.2.0
217 silly currentTree │ └── debug@3.1.0
217 silly currentTree ├── ms@2.0.0
217 silly currentTree ├── multer@1.4.1
217 silly currentTree ├─┬ mysql@2.16.0
217 silly currentTree │ ├── isarray@1.0.0
217 silly currentTree │ ├── readable-stream@2.3.6
217 silly currentTree │ └── string_decoder@1.1.1
217 silly currentTree ├── mz@2.7.0
217 silly currentTree ├── negotiator@0.6.1
217 silly currentTree ├─┬ node-cache@4.2.0
217 silly currentTree │ └── clone@2.1.2
217 silly currentTree ├── node-fetch@2.3.0
217 silly currentTree ├── node-forge@0.8.2
217 silly currentTree ├── normalize-package-data@2.5.0
217 silly currentTree ├── npm-run-path@2.0.2
217 silly currentTree ├── number-is-nan@1.0.1
217 silly currentTree ├── object-assign@4.1.1
217 silly currentTree ├── on-finished@2.3.0
217 silly currentTree ├── on-headers@1.0.2
217 silly currentTree ├── os-locale@2.1.0
217 silly currentTree ├── p-finally@1.0.0
217 silly currentTree ├── p-limit@1.3.0
217 silly currentTree ├── p-locate@2.0.0
217 silly currentTree ├── p-try@1.0.0
217 silly currentTree ├── packet-reader@1.0.0
217 silly currentTree ├── param-case@1.1.2
217 silly currentTree ├── parse-json@2.2.0
217 silly currentTree ├── parseurl@1.3.2
217 silly currentTree ├── path-exists@3.0.0
217 silly currentTree ├── path-key@2.0.1
217 silly currentTree ├── path-parse@1.0.6
217 silly currentTree ├── path-to-regexp@0.1.7
217 silly currentTree ├── path-type@2.0.0
217 silly currentTree ├── pg-connection-string@0.1.3
217 silly currentTree ├── pg-int8@1.0.1
217 silly currentTree ├── pg-minify@0.5.5
217 silly currentTree ├── pg-pool@2.0.6
217 silly currentTree ├─┬ pg-promise@8.6.5
217 silly currentTree │ └── pg-minify@1.0.0
217 silly currentTree ├── pg-types@2.0.1
217 silly currentTree ├── pg@7.9.0
217 silly currentTree ├── pgpass@1.0.2
217 silly currentTree ├── pify@2.3.0
217 silly currentTree ├── postgres-array@2.0.0
217 silly currentTree ├── postgres-bytea@1.0.0
217 silly currentTree ├── postgres-date@1.0.4
217 silly currentTree ├── postgres-interval@1.2.0
217 silly currentTree ├── process-nextick-args@2.0.0
217 silly currentTree ├── proxy-addr@2.0.4
217 silly currentTree ├── pseudomap@1.0.2
217 silly currentTree ├── qs@6.5.2
217 silly currentTree ├── range-parser@1.2.0
217 silly currentTree ├── raw-body@2.3.3
217 silly currentTree ├── read-pkg-up@2.0.0
217 silly currentTree ├── read-pkg@2.0.0
217 silly currentTree ├── readable-stream@1.1.14
217 silly currentTree ├── regexp-clone@0.0.1
217 silly currentTree ├─┬ require_optional@1.0.1
217 silly currentTree │ └── semver@5.7.0
217 silly currentTree ├── require-directory@2.1.1
217 silly currentTree ├── require-main-filename@1.0.1
217 silly currentTree ├── resolve-from@2.0.0
217 silly currentTree ├── resolve@1.10.0
217 silly currentTree ├── safe-buffer@5.1.2
217 silly currentTree ├── safer-buffer@2.1.2
217 silly currentTree ├── saslprep@1.0.2
217 silly currentTree ├─┬ schemats@3.0.3
217 silly currentTree │ ├── buffer-writer@1.0.1
217 silly currentTree │ ├── packet-reader@0.3.1
217 silly currentTree │ ├── pg-promise@6.10.3
217 silly currentTree │ ├── pg-types@1.12.1
217 silly currentTree │ ├── pg@7.3.0
217 silly currentTree │ ├── postgres-array@1.0.3
217 silly currentTree │ ├── spex@2.0.2
217 silly currentTree │ └── typescript@2.9.2
217 silly currentTree ├── semver@4.3.2
217 silly currentTree ├── send@0.16.2
217 silly currentTree ├── sentence-case@1.1.3
217 silly currentTree ├── serve-static@1.13.2
217 silly currentTree ├── set-blocking@2.0.0
217 silly currentTree ├── setprototypeof@1.1.0
217 silly currentTree ├── shebang-command@1.2.0
217 silly currentTree ├── shebang-regex@1.0.0
217 silly currentTree ├── sift@7.0.1
217 silly currentTree ├── sigmund@1.0.1
217 silly currentTree ├── signal-exit@3.0.2
217 silly currentTree ├── sliced@1.0.1
217 silly currentTree ├── snake-case@1.1.2
217 silly currentTree ├── sparse-bitfield@3.0.3
217 silly currentTree ├── spdx-correct@3.1.0
217 silly currentTree ├── spdx-exceptions@2.2.0
217 silly currentTree ├── spdx-expression-parse@3.0.0
217 silly currentTree ├── spdx-license-ids@3.0.4
217 silly currentTree ├── spex@2.2.0
217 silly currentTree ├── split@1.0.1
217 silly currentTree ├── sqlstring@2.3.1
217 silly currentTree ├── statuses@1.4.0
217 silly currentTree ├── streamsearch@0.1.2
217 silly currentTree ├── string_decoder@0.10.31
217 silly currentTree ├─┬ string-width@2.1.1
217 silly currentTree │ ├── ansi-regex@3.0.0
217 silly currentTree │ ├── is-fullwidth-code-point@2.0.0
217 silly currentTree │ └── strip-ansi@4.0.0
217 silly currentTree ├── strip-ansi@3.0.1
217 silly currentTree ├── strip-bom@3.0.0
217 silly currentTree ├── strip-eof@1.0.0
217 silly currentTree ├── thenify-all@1.6.0
217 silly currentTree ├── thenify@3.3.0
217 silly currentTree ├── through@2.3.8
217 silly currentTree ├── type-is@1.6.16
217 silly currentTree ├── typedarray@0.0.6
217 silly currentTree ├── typescript-formatter@7.2.2
217 silly currentTree ├── typescript@3.4.5
217 silly currentTree ├── unpipe@1.0.0
217 silly currentTree ├── upper-case@1.1.3
217 silly currentTree ├── util-deprecate@1.0.2
217 silly currentTree ├── utils-merge@1.0.1
217 silly currentTree ├── uuid@3.3.2
217 silly currentTree ├── validate-npm-package-license@3.0.4
217 silly currentTree ├── vary@1.1.2
217 silly currentTree ├── which-module@2.0.0
217 silly currentTree ├── which@1.3.1
217 silly currentTree ├─┬ wrap-ansi@2.1.0
217 silly currentTree │ └── string-width@1.0.2
217 silly currentTree ├── xtend@4.0.1
217 silly currentTree ├── y18n@3.2.1
217 silly currentTree ├── yallist@2.1.2
217 silly currentTree ├── yargs-parser@7.0.0
217 silly currentTree └── yargs@8.0.2
218 silly idealTree backend_api@1.0.0
218 silly idealTree ├── @phc/format@0.5.0
218 silly idealTree ├── @types/body-parser@1.17.0
218 silly idealTree ├── @types/bson@4.0.0
218 silly idealTree ├── @types/connect@3.4.32
218 silly idealTree ├── @types/express-rate-limit@3.3.0
218 silly idealTree ├── @types/express-serve-static-core@4.16.2
218 silly idealTree ├── @types/express@4.16.1
218 silly idealTree ├── @types/jsonwebtoken@8.3.2
218 silly idealTree ├── @types/mime@2.0.1
218 silly idealTree ├── @types/mongodb@3.1.23
218 silly idealTree ├── @types/mongoose@5.3.26
218 silly idealTree ├── @types/morgan@1.7.35
218 silly idealTree ├── @types/multer@1.3.7
218 silly idealTree ├── @types/node@11.13.0
218 silly idealTree ├── @types/range-parser@1.2.3
218 silly idealTree ├── @types/serve-static@1.13.2
218 silly idealTree ├── @types/uuid@3.4.4
218 silly idealTree ├── abort-controller@3.0.0
218 silly idealTree ├── accepts@1.3.5
218 silly idealTree ├── agent-base@4.2.1
218 silly idealTree ├── ansi-regex@2.1.1
218 silly idealTree ├── any-promise@1.3.0
218 silly idealTree ├── append-field@1.0.0
218 silly idealTree ├── argon2@0.21.0
218 silly idealTree ├── array-flatten@1.1.1
218 silly idealTree ├── assert-options@0.1.3
218 silly idealTree ├── async@2.6.1
218 silly idealTree ├── base64-js@1.3.0
218 silly idealTree ├── basic-auth@2.0.1
218 silly idealTree ├── bignumber.js@4.1.0
218 silly idealTree ├── bindings@1.5.0
218 silly idealTree ├── bluebird@3.5.1
218 silly idealTree ├── body-parser@1.18.3
218 silly idealTree ├── bson@1.1.1
218 silly idealTree ├── buffer-equal-constant-time@1.0.1
218 silly idealTree ├── buffer-from@1.1.1
218 silly idealTree ├── buffer-writer@2.0.0
218 silly idealTree ├── busboy@0.2.14
218 silly idealTree ├── bytes@3.0.0
218 silly idealTree ├── camel-case@1.2.2
218 silly idealTree ├── camelcase@4.1.0
218 silly idealTree ├── change-case-object@2.0.0
218 silly idealTree ├─┬ cliui@3.2.0
218 silly idealTree │ └── string-width@1.0.2
218 silly idealTree ├── clone@1.0.4
218 silly idealTree ├── code-point-at@1.1.0
218 silly idealTree ├── commander@2.20.0
218 silly idealTree ├── commandpost@1.4.0
218 silly idealTree ├─┬ concat-stream@1.6.2
218 silly idealTree │ ├── isarray@1.0.0
218 silly idealTree │ ├── readable-stream@2.3.6
218 silly idealTree │ └── string_decoder@1.1.1
218 silly idealTree ├── content-disposition@0.5.2
218 silly idealTree ├── content-type@1.0.4
218 silly idealTree ├── cookie-signature@1.0.6
218 silly idealTree ├── cookie@0.3.1
218 silly idealTree ├── core-util-is@1.0.2
218 silly idealTree ├── cross-spawn@5.1.0
218 silly idealTree ├── debug@2.6.9
218 silly idealTree ├── decamelize@1.2.0
218 silly idealTree ├── defaults@1.0.3
218 silly idealTree ├── depd@1.1.2
218 silly idealTree ├── destroy@1.0.4
218 silly idealTree ├── dicer@0.2.5
218 silly idealTree ├── diff@3.5.0
218 silly idealTree ├── ecdsa-sig-formatter@1.0.11
218 silly idealTree ├─┬ editorconfig@0.15.3
218 silly idealTree │ └── semver@5.7.0
218 silly idealTree ├── ee-first@1.1.1
218 silly idealTree ├── encodeurl@1.0.2
218 silly idealTree ├── error-ex@1.3.2
218 silly idealTree ├── es6-promise@4.2.6
218 silly idealTree ├── es6-promisify@5.0.0
218 silly idealTree ├── escape-html@1.0.3
218 silly idealTree ├── etag@1.8.1
218 silly idealTree ├── event-target-shim@5.0.1
218 silly idealTree ├── execa@0.7.0
218 silly idealTree ├── express-rate-limit@3.4.1
218 silly idealTree ├── express@4.16.4
218 silly idealTree ├── extend@3.0.2
218 silly idealTree ├── fast-text-encoding@1.0.0
218 silly idealTree ├── file-uri-to-path@1.0.0
218 silly idealTree ├── finalhandler@1.1.1
218 silly idealTree ├── find-up@2.1.0
218 silly idealTree ├── forwarded@0.1.2
218 silly idealTree ├── fresh@0.5.2
218 silly idealTree ├── gaxios@1.8.4
218 silly idealTree ├── gcp-metadata@1.0.0
218 silly idealTree ├── get-caller-file@1.0.3
218 silly idealTree ├── get-stream@3.0.0
218 silly idealTree ├─┬ google-auth-library@3.1.2
218 silly idealTree │ ├── lru-cache@5.1.1
218 silly idealTree │ ├── semver@5.7.0
218 silly idealTree │ └── yallist@3.0.3
218 silly idealTree ├─┬ google-p12-pem@1.0.4
218 silly idealTree │ └── pify@4.0.1
218 silly idealTree ├── graceful-fs@4.1.15
218 silly idealTree ├─┬ gtoken@2.3.3
218 silly idealTree │ ├── mime@2.4.2
218 silly idealTree │ └── pify@4.0.1
218 silly idealTree ├── hosted-git-info@2.7.1
218 silly idealTree ├── http-errors@1.6.3
218 silly idealTree ├─┬ https-proxy-agent@2.2.1
218 silly idealTree │ ├── debug@3.2.6
218 silly idealTree │ └── ms@2.1.1
218 silly idealTree ├── iconv-lite@0.4.23
218 silly idealTree ├── inherits@2.0.3
218 silly idealTree ├── invert-kv@1.0.0
218 silly idealTree ├── ipaddr.js@1.8.0
218 silly idealTree ├── is-arrayish@0.2.1
218 silly idealTree ├── is-fullwidth-code-point@1.0.0
218 silly idealTree ├── is-stream@1.1.0
218 silly idealTree ├── isarray@0.0.1
218 silly idealTree ├── isexe@2.0.0
218 silly idealTree ├── js-string-escape@1.0.1
218 silly idealTree ├─┬ json-bigint@0.3.0
218 silly idealTree │ └── bignumber.js@7.2.1
218 silly idealTree ├─┬ jsonwebtoken@8.5.1
218 silly idealTree │ ├── ms@2.1.1
218 silly idealTree │ └── semver@5.7.0
218 silly idealTree ├── jwa@1.4.1
218 silly idealTree ├── jws@3.2.2
218 silly idealTree ├── kareem@2.3.0
218 silly idealTree ├── lcid@1.0.0
218 silly idealTree ├── load-json-file@2.0.0
218 silly idealTree ├── locate-path@2.0.0
218 silly idealTree ├── lodash.includes@4.3.0
218 silly idealTree ├── lodash.isboolean@3.0.3
218 silly idealTree ├── lodash.isinteger@4.0.4
218 silly idealTree ├── lodash.isnumber@3.0.3
218 silly idealTree ├── lodash.isplainobject@4.0.6
218 silly idealTree ├── lodash.isstring@4.0.1
218 silly idealTree ├── lodash.once@4.1.1
218 silly idealTree ├── lodash@4.17.11
218 silly idealTree ├── lower-case@1.1.4
218 silly idealTree ├── lru-cache@4.1.5
218 silly idealTree ├── manakin@0.5.2
218 silly idealTree ├── media-typer@0.3.0
218 silly idealTree ├── mem@1.1.0
218 silly idealTree ├── memory-pager@1.5.0
218 silly idealTree ├── merge-descriptors@1.0.1
218 silly idealTree ├── methods@1.1.2
218 silly idealTree ├── mime-db@1.38.0
218 silly idealTree ├── mime-types@2.1.22
218 silly idealTree ├── mime@1.4.1
218 silly idealTree ├── mimic-fn@1.2.0
218 silly idealTree ├── minimist@0.0.8
218 silly idealTree ├── mkdirp@0.5.1
218 silly idealTree ├── mongodb-core@3.2.2
218 silly idealTree ├── mongodb@3.2.2
218 silly idealTree ├── mongoose-legacy-pluralize@1.0.2
218 silly idealTree ├─┬ mongoose@5.5.3
218 silly idealTree │ └── ms@2.1.1
218 silly idealTree ├── morgan@1.9.1
218 silly idealTree ├── mpath@0.5.1
218 silly idealTree ├─┬ mquery@3.2.0
218 silly idealTree │ └── debug@3.1.0
218 silly idealTree ├── ms@2.0.0
218 silly idealTree ├── multer@1.4.1
218 silly idealTree ├─┬ mysql@2.16.0
218 silly idealTree │ ├── isarray@1.0.0
218 silly idealTree │ ├── readable-stream@2.3.6
218 silly idealTree │ └── string_decoder@1.1.1
218 silly idealTree ├── mz@2.7.0
218 silly idealTree ├── negotiator@0.6.1
218 silly idealTree ├── node-addon-api@1.6.3
218 silly idealTree ├─┬ node-cache@4.2.0
218 silly idealTree │ └── clone@2.1.2
218 silly idealTree ├── node-fetch@2.3.0
218 silly idealTree ├── node-forge@0.8.2
218 silly idealTree ├── normalize-package-data@2.5.0
218 silly idealTree ├── npm-run-path@2.0.2
218 silly idealTree ├── number-is-nan@1.0.1
218 silly idealTree ├── object-assign@4.1.1
218 silly idealTree ├── on-finished@2.3.0
218 silly idealTree ├── on-headers@1.0.2
218 silly idealTree ├── os-locale@2.1.0
218 silly idealTree ├── p-finally@1.0.0
218 silly idealTree ├── p-limit@1.3.0
218 silly idealTree ├── p-locate@2.0.0
218 silly idealTree ├── p-try@1.0.0
218 silly idealTree ├── packet-reader@1.0.0
218 silly idealTree ├── param-case@1.1.2
218 silly idealTree ├── parse-json@2.2.0
218 silly idealTree ├── parseurl@1.3.2
218 silly idealTree ├── path-exists@3.0.0
218 silly idealTree ├── path-key@2.0.1
218 silly idealTree ├── path-parse@1.0.6
218 silly idealTree ├── path-to-regexp@0.1.7
218 silly idealTree ├── path-type@2.0.0
218 silly idealTree ├── pg-connection-string@0.1.3
218 silly idealTree ├── pg-int8@1.0.1
218 silly idealTree ├── pg-minify@0.5.5
218 silly idealTree ├── pg-pool@2.0.6
218 silly idealTree ├─┬ pg-promise@8.6.5
218 silly idealTree │ └── pg-minify@1.0.0
218 silly idealTree ├── pg-types@2.0.1
218 silly idealTree ├── pg@7.9.0
218 silly idealTree ├── pgpass@1.0.2
218 silly idealTree ├── pify@2.3.0
218 silly idealTree ├── postgres-array@2.0.0
218 silly idealTree ├── postgres-bytea@1.0.0
218 silly idealTree ├── postgres-date@1.0.4
218 silly idealTree ├── postgres-interval@1.2.0
218 silly idealTree ├── process-nextick-args@2.0.0
218 silly idealTree ├── proxy-addr@2.0.4
218 silly idealTree ├── pseudomap@1.0.2
218 silly idealTree ├── qs@6.5.2
218 silly idealTree ├── range-parser@1.2.0
218 silly idealTree ├── raw-body@2.3.3
218 silly idealTree ├── read-pkg-up@2.0.0
218 silly idealTree ├── read-pkg@2.0.0
218 silly idealTree ├── readable-stream@1.1.14
218 silly idealTree ├── regexp-clone@0.0.1
218 silly idealTree ├─┬ require_optional@1.0.1
218 silly idealTree │ └── semver@5.7.0
218 silly idealTree ├── require-directory@2.1.1
218 silly idealTree ├── require-main-filename@1.0.1
218 silly idealTree ├── resolve-from@2.0.0
218 silly idealTree ├── resolve@1.10.0
218 silly idealTree ├── safe-buffer@5.1.2
218 silly idealTree ├── safer-buffer@2.1.2
218 silly idealTree ├── saslprep@1.0.2
218 silly idealTree ├─┬ schemats@3.0.3
218 silly idealTree │ ├── buffer-writer@1.0.1
218 silly idealTree │ ├── packet-reader@0.3.1
218 silly idealTree │ ├── pg-promise@6.10.3
218 silly idealTree │ ├── pg-types@1.12.1
218 silly idealTree │ ├── pg@7.3.0
218 silly idealTree │ ├── postgres-array@1.0.3
218 silly idealTree │ ├── spex@2.0.2
218 silly idealTree │ └── typescript@2.9.2
218 silly idealTree ├── semver@4.3.2
218 silly idealTree ├── send@0.16.2
218 silly idealTree ├── sentence-case@1.1.3
218 silly idealTree ├── serve-static@1.13.2
218 silly idealTree ├── set-blocking@2.0.0
218 silly idealTree ├── setprototypeof@1.1.0
218 silly idealTree ├── shebang-command@1.2.0
218 silly idealTree ├── shebang-regex@1.0.0
218 silly idealTree ├── sift@7.0.1
218 silly idealTree ├── sigmund@1.0.1
218 silly idealTree ├── signal-exit@3.0.2
218 silly idealTree ├── sliced@1.0.1
218 silly idealTree ├── snake-case@1.1.2
218 silly idealTree ├── sparse-bitfield@3.0.3
218 silly idealTree ├── spdx-correct@3.1.0
218 silly idealTree ├── spdx-exceptions@2.2.0
218 silly idealTree ├── spdx-expression-parse@3.0.0
218 silly idealTree ├── spdx-license-ids@3.0.4
218 silly idealTree ├── spex@2.2.0
218 silly idealTree ├── split@1.0.1
218 silly idealTree ├── sqlstring@2.3.1
218 silly idealTree ├── statuses@1.4.0
218 silly idealTree ├── streamsearch@0.1.2
218 silly idealTree ├── string_decoder@0.10.31
218 silly idealTree ├─┬ string-width@2.1.1
218 silly idealTree │ ├── ansi-regex@3.0.0
218 silly idealTree │ ├── is-fullwidth-code-point@2.0.0
218 silly idealTree │ └── strip-ansi@4.0.0
218 silly idealTree ├── strip-ansi@3.0.1
218 silly idealTree ├── strip-bom@3.0.0
218 silly idealTree ├── strip-eof@1.0.0
218 silly idealTree ├── thenify-all@1.6.0
218 silly idealTree ├── thenify@3.3.0
218 silly idealTree ├── through@2.3.8
218 silly idealTree ├── type-is@1.6.16
218 silly idealTree ├── typedarray@0.0.6
218 silly idealTree ├── typescript-formatter@7.2.2
218 silly idealTree ├── typescript@3.4.5
218 silly idealTree ├── unpipe@1.0.0
218 silly idealTree ├── upper-case@1.1.3
218 silly idealTree ├── util-deprecate@1.0.2
218 silly idealTree ├── utils-merge@1.0.1
218 silly idealTree ├── uuid@3.3.2
218 silly idealTree ├── validate-npm-package-license@3.0.4
218 silly idealTree ├── vary@1.1.2
218 silly idealTree ├── which-module@2.0.0
218 silly idealTree ├── which@1.3.1
218 silly idealTree ├─┬ wrap-ansi@2.1.0
218 silly idealTree │ └── string-width@1.0.2
218 silly idealTree ├── xtend@4.0.1
218 silly idealTree ├── y18n@3.2.1
218 silly idealTree ├── yallist@2.1.2
218 silly idealTree ├── yargs-parser@7.0.0
218 silly idealTree └── yargs@8.0.2
219 silly generateActionsToTake Starting
220 silly install generateActionsToTake
221 silly generateActionsToTake Finishing
222 silly diffTrees action count 5
223 silly diffTrees add file-uri-to-path@1.0.0
224 silly diffTrees add @phc/format@0.5.0
225 silly diffTrees add bindings@1.5.0
226 silly diffTrees add node-addon-api@1.6.3
227 silly diffTrees add argon2@0.21.0
228 silly decomposeActions action count 40
229 silly decomposeActions fetch file-uri-to-path@1.0.0
230 silly decomposeActions extract file-uri-to-path@1.0.0
231 silly decomposeActions test file-uri-to-path@1.0.0
232 silly decomposeActions preinstall file-uri-to-path@1.0.0
233 silly decomposeActions build file-uri-to-path@1.0.0
234 silly decomposeActions install file-uri-to-path@1.0.0
235 silly decomposeActions postinstall file-uri-to-path@1.0.0
236 silly decomposeActions finalize file-uri-to-path@1.0.0
237 silly decomposeActions fetch @phc/format@0.5.0
238 silly decomposeActions extract @phc/format@0.5.0
239 silly decomposeActions test @phc/format@0.5.0
240 silly decomposeActions preinstall @phc/format@0.5.0
241 silly decomposeActions build @phc/format@0.5.0
242 silly decomposeActions install @phc/format@0.5.0
243 silly decomposeActions postinstall @phc/format@0.5.0
244 silly decomposeActions finalize @phc/format@0.5.0
245 silly decomposeActions fetch bindings@1.5.0
246 silly decomposeActions extract bindings@1.5.0
247 silly decomposeActions test bindings@1.5.0
248 silly decomposeActions preinstall bindings@1.5.0
249 silly decomposeActions build bindings@1.5.0
250 silly decomposeActions install bindings@1.5.0
251 silly decomposeActions postinstall bindings@1.5.0
252 silly decomposeActions finalize bindings@1.5.0
253 silly decomposeActions fetch node-addon-api@1.6.3
254 silly decomposeActions extract node-addon-api@1.6.3
255 silly decomposeActions test node-addon-api@1.6.3
256 silly decomposeActions preinstall node-addon-api@1.6.3
257 silly decomposeActions build node-addon-api@1.6.3
258 silly decomposeActions install node-addon-api@1.6.3
259 silly decomposeActions postinstall node-addon-api@1.6.3
260 silly decomposeActions finalize node-addon-api@1.6.3
261 silly decomposeActions fetch argon2@0.21.0
262 silly decomposeActions extract argon2@0.21.0
263 silly decomposeActions test argon2@0.21.0
264 silly decomposeActions preinstall argon2@0.21.0
265 silly decomposeActions build argon2@0.21.0
266 silly decomposeActions install argon2@0.21.0
267 silly decomposeActions postinstall argon2@0.21.0
268 silly decomposeActions finalize argon2@0.21.0
269 silly runTopLevelLifecycles Starting
270 silly executeActions Starting
271 silly install executeActions
272 silly doSerial global-install 0
273 silly doParallel fetch 5
274 verbose correctMkdir /Users/raungreen/.npm/_locks correctMkdir not in flight; initializing
275 verbose lock using /Users/raungreen/.npm/_locks/staging-a9e71ceab940c1e0.lock for /Users/raungreen/dev/projects/tourapi2019/node_modules/.staging
276 silly doParallel extract 5
277 silly extract file-uri-to-path@1.0.0
278 silly extract @phc/format@0.5.0
279 silly extract bindings@1.5.0
280 silly extract node-addon-api@1.6.3
281 silly extract argon2@0.21.0
282 verbose unbuild node_modules/.staging/file-uri-to-path-427307d5
283 verbose unbuild node_modules/.staging/@phc/format-2b3da269
284 verbose unbuild node_modules/.staging/bindings-54025c45
285 verbose unbuild node_modules/.staging/argon2-d8014cf6
286 verbose unbuild node_modules/.staging/node-addon-api-286e12de
287 silly gentlyRm /Users/raungreen/dev/projects/tourapi2019/node_modules/.staging/file-uri-to-path-427307d5 is being purged from base /Users/raungreen/dev/projects/tourapi2019
288 verbose gentlyRm don't care about contents; nuking /Users/raungreen/dev/projects/tourapi2019/node_modules/.staging/file-uri-to-path-427307d5
289 silly gentlyRm /Users/raungreen/dev/projects/tourapi2019/node_modules/.staging/@phc/format-2b3da269 is being purged from base /Users/raungreen/dev/projects/tourapi2019
290 verbose gentlyRm don't care about contents; nuking /Users/raungreen/dev/projects/tourapi2019/node_modules/.staging/@phc/format-2b3da269
291 silly gentlyRm /Users/raungreen/dev/projects/tourapi2019/node_modules/.staging/bindings-54025c45 is being purged from base /Users/raungreen/dev/projects/tourapi2019
292 verbose gentlyRm don't care about contents; nuking /Users/raungreen/dev/projects/tourapi2019/node_modules/.staging/bindings-54025c45
293 silly gentlyRm /Users/raungreen/dev/projects/tourapi2019/node_modules/.staging/argon2-d8014cf6 is being purged from base /Users/raungreen/dev/projects/tourapi2019
294 verbose gentlyRm don't care about contents; nuking /Users/raungreen/dev/projects/tourapi2019/node_modules/.staging/argon2-d8014cf6
295 silly gentlyRm /Users/raungreen/dev/projects/tourapi2019/node_modules/.staging/node-addon-api-286e12de is being purged from base /Users/raungreen/dev/projects/tourapi2019
296 verbose gentlyRm don't care about contents; nuking /Users/raungreen/dev/projects/tourapi2019/node_modules/.staging/node-addon-api-286e12de
297 verbose tar unpack /Users/raungreen/.npm/file-uri-to-path/1.0.0/package.tgz
298 verbose tar unpacking to /Users/raungreen/dev/projects/tourapi2019/node_modules/.staging/file-uri-to-path-427307d5
299 silly gentlyRm /Users/raungreen/dev/projects/tourapi2019/node_modules/.staging/file-uri-to-path-427307d5 is being purged
300 verbose gentlyRm don't care about contents; nuking /Users/raungreen/dev/projects/tourapi2019/node_modules/.staging/file-uri-to-path-427307d5
301 verbose tar unpack /Users/raungreen/.npm/@phc/format/0.5.0/package.tgz
302 verbose tar unpacking to /Users/raungreen/dev/projects/tourapi2019/node_modules/.staging/@phc/format-2b3da269
303 silly gentlyRm /Users/raungreen/dev/projects/tourapi2019/node_modules/.staging/@phc/format-2b3da269 is being purged
304 verbose gentlyRm don't care about contents; nuking /Users/raungreen/dev/projects/tourapi2019/node_modules/.staging/@phc/format-2b3da269
305 verbose tar unpack /Users/raungreen/.npm/bindings/1.5.0/package.tgz
306 verbose tar unpacking to /Users/raungreen/dev/projects/tourapi2019/node_modules/.staging/bindings-54025c45
307 silly gentlyRm /Users/raungreen/dev/projects/tourapi2019/node_modules/.staging/bindings-54025c45 is being purged
308 verbose gentlyRm don't care about contents; nuking /Users/raungreen/dev/projects/tourapi2019/node_modules/.staging/bindings-54025c45
309 verbose tar unpack /Users/raungreen/.npm/argon2/0.21.0/package.tgz
310 verbose tar unpacking to /Users/raungreen/dev/projects/tourapi2019/node_modules/.staging/argon2-d8014cf6
311 silly gentlyRm /Users/raungreen/dev/projects/tourapi2019/node_modules/.staging/argon2-d8014cf6 is being purged
312 verbose gentlyRm don't care about contents; nuking /Users/raungreen/dev/projects/tourapi2019/node_modules/.staging/argon2-d8014cf6
313 verbose tar unpack /Users/raungreen/.npm/node-addon-api/1.6.3/package.tgz
314 verbose tar unpacking to /Users/raungreen/dev/projects/tourapi2019/node_modules/.staging/node-addon-api-286e12de
315 silly gentlyRm /Users/raungreen/dev/projects/tourapi2019/node_modules/.staging/node-addon-api-286e12de is being purged
316 verbose gentlyRm don't care about contents; nuking /Users/raungreen/dev/projects/tourapi2019/node_modules/.staging/node-addon-api-286e12de
317 silly gunzTarPerm modes [ '755', '644' ]
318 silly gunzTarPerm modes [ '755', '644' ]
319 silly gunzTarPerm modes [ '755', '644' ]
320 silly gunzTarPerm modes [ '755', '644' ]
321 silly gunzTarPerm modes [ '755', '644' ]
322 silly gunzTarPerm extractEntry package.json
323 silly gunzTarPerm extractEntry package.json
324 silly gunzTarPerm extractEntry package.json
325 silly gunzTarPerm extractEntry
326 silly gunzTarPerm extractEntry package.json
327 silly gunzTarPerm extractEntry index.js
328 silly gunzTarPerm extractEntry license
329 silly gunzTarPerm extractEntry .npmignore
330 silly gunzTarPerm extractEntry README.md
331 silly gunzTarPerm extractEntry bindings.js
332 silly gunzTarPerm extractEntry LICENSE.md
333 silly gunzTarPerm extractEntry .editorconfig
334 silly gunzTarPerm extractEntry .travis.yml
335 silly gunzTarPerm extractEntry LICENSE
336 silly gunzTarPerm extractEntry README.md
337 silly gunzTarPerm extractEntry argon2
338 silly gunzTarPerm extractEntry argon2.d.ts
339 silly gunzTarPerm extractEntry argon2.js
340 silly gunzTarPerm extractEntry README.md
341 silly gunzTarPerm extractEntry LICENSE
342 silly gunzTarPerm extractEntry index.js
343 silly gunzTarPerm extractEntry readme.md
344 silly gunzTarPerm extractEntry appveyor.yml
345 silly gunzTarPerm extractEntry CHANGELOG.md
346 silly gunzTarPerm extractEntry binding.gyp
347 silly gunzTarPerm extractEntry package-lock.json
348 silly gunzTarPerm extractEntry .travis.yml
349 silly gunzTarPerm extractEntry index.d.ts
350 silly gunzTarPerm extractEntry CODE_OF_CONDUCT.md
351 silly gunzTarPerm extractEntry package.json
352 silly gunzTarPerm extractEntry src
353 silly gunzTarPerm extractEntry index.js
354 silly gunzTarPerm extractEntry LICENSE.md
355 silly gunzTarPerm extractEntry History.md
356 silly gunzTarPerm extractEntry test/test.js
357 silly gunzTarPerm extractEntry test
358 silly gunzTarPerm extractEntry argon2/CHANGELOG.md
359 silly gunzTarPerm extractEntry napi-inl.deprecated.h
360 silly gunzTarPerm extractEntry napi-inl.h
361 silly gunzTarPerm extractEntry napi.h
362 silly gunzTarPerm extractEntry test/tests.json
363 silly gunzTarPerm extractEntry README.md
364 silly gunzTarPerm extractEntry argon2/LICENSE
365 silly gunzTarPerm extractEntry argon2/README.md
366 silly gunzTarPerm extractEntry doc/array_buffer.md
367 silly gunzTarPerm extractEntry doc/async_context.md
368 silly gunzTarPerm extractEntry argon2/include
369 silly gunzTarPerm extractEntry argon2/src
370 silly gentlyRm /Users/raungreen/dev/projects/tourapi2019/node_modules/.staging/bindings-54025c45/node_modules is being purged
371 verbose gentlyRm don't care about contents; nuking /Users/raungreen/dev/projects/tourapi2019/node_modules/.staging/bindings-54025c45/node_modules
372 silly gentlyRm /Users/raungreen/dev/projects/tourapi2019/node_modules/.staging/@phc/format-2b3da269/node_modules is being purged
373 verbose gentlyRm don't care about contents; nuking /Users/raungreen/dev/projects/tourapi2019/node_modules/.staging/@phc/format-2b3da269/node_modules
374 silly gunzTarPerm extractEntry doc/async_operations.md
375 silly gunzTarPerm extractEntry doc/async_worker.md
376 silly gunzTarPerm extractEntry src/argon2_node.cpp
377 silly gunzTarPerm extractEntry test/test.js
378 silly gunzTarPerm extractEntry argon2/include/argon2.h
379 silly gunzTarPerm extractEntry argon2/src/argon2.c
380 silly gunzTarPerm extractEntry argon2/src/blake2
381 silly gunzTarPerm extractEntry doc/basic_types.md
382 silly gunzTarPerm extractEntry doc/bigint.md
383 silly gunzTarPerm extractEntry argon2/src/core.c
384 silly gunzTarPerm extractEntry argon2/src/core.h
385 silly gunzTarPerm extractEntry doc/boolean.md
386 silly gunzTarPerm extractEntry doc/buffer.md
387 silly gunzTarPerm extractEntry argon2/src/encoding.c
388 silly gunzTarPerm extractEntry argon2/src/encoding.h
389 silly gunzTarPerm extractEntry doc/callback_scope.md
390 silly gunzTarPerm extractEntry doc/callbackinfo.md
391 silly gunzTarPerm extractEntry doc/checker-tool.md
392 silly gunzTarPerm extractEntry doc/class_property_descriptor.md
393 silly gunzTarPerm extractEntry doc/cmake-js.md
394 silly gunzTarPerm extractEntry argon2/src/opt.c
395 silly gunzTarPerm extractEntry argon2/src/ref.c
396 silly gunzTarPerm extractEntry argon2/src/thread.c
397 silly gunzTarPerm extractEntry doc/conversion-tool.md
398 silly gunzTarPerm extractEntry doc/creating_a_release.md
399 silly gunzTarPerm extractEntry doc/dataview.md
400 silly gunzTarPerm extractEntry argon2/src/thread.h
401 silly gunzTarPerm extractEntry argon2/src/blake2/blake2-impl.h
402 silly gunzTarPerm extractEntry argon2/src/blake2/blake2.h
403 silly gunzTarPerm extractEntry doc/Doxyfile
404 silly gunzTarPerm extractEntry argon2/src/blake2/blake2b.c
405 silly gunzTarPerm extractEntry argon2/src/blake2/blamka-round-opt.h
406 silly gunzTarPerm extractEntry doc/env.md
407 silly gunzTarPerm extractEntry doc/error_handling.md
408 silly gentlyRm /Users/raungreen/dev/projects/tourapi2019/node_modules/.staging/file-uri-to-path-427307d5/node_modules is being purged
409 verbose gentlyRm don't care about contents; nuking /Users/raungreen/dev/projects/tourapi2019/node_modules/.staging/file-uri-to-path-427307d5/node_modules
410 silly gunzTarPerm extractEntry doc/error.md
411 silly gunzTarPerm extractEntry doc/escapable_handle_scope.md
412 silly gunzTarPerm extractEntry argon2/src/blake2/blamka-round-ref.h
413 silly gunzTarPerm extractEntry doc/external.md
414 silly gunzTarPerm extractEntry doc/function_reference.md
415 silly gunzTarPerm extractEntry doc/function.md
416 silly gunzTarPerm extractEntry doc/generator.md
417 silly gunzTarPerm extractEntry doc/handle_scope.md
418 silly gunzTarPerm extractEntry doc/memory_management.md
419 silly gunzTarPerm extractEntry doc/node-gyp.md
420 silly gunzTarPerm extractEntry doc/number.md
421 silly gunzTarPerm extractEntry doc/object_lifetime_management.md
422 silly gunzTarPerm extractEntry doc/object_reference.md
423 silly gunzTarPerm extractEntry doc/object_wrap.md
424 silly gunzTarPerm extractEntry doc/object.md
425 silly gunzTarPerm extractEntry doc/prebuild_tools.md
426 silly gunzTarPerm extractEntry doc/promises.md
427 silly gunzTarPerm extractEntry doc/property_descriptor.md
428 silly gunzTarPerm extractEntry doc/range_error.md
429 silly gunzTarPerm extractEntry doc/reference.md
430 silly gunzTarPerm extractEntry doc/setup.md
431 silly gunzTarPerm extractEntry doc/string.md
432 silly gunzTarPerm extractEntry doc/symbol.md
433 silly gunzTarPerm extractEntry doc/type_error.md
434 silly gunzTarPerm extractEntry doc/typed_array_of.md
435 silly gunzTarPerm extractEntry doc/typed_array.md
436 silly gunzTarPerm extractEntry doc/value.md
437 silly gunzTarPerm extractEntry doc/version_management.md
438 silly gunzTarPerm extractEntry doc/working_with_javascript_values.md
439 silly gunzTarPerm extractEntry external-napi/node_api.h
440 silly gunzTarPerm extractEntry src/node_api_types.h
441 silly gunzTarPerm extractEntry src/node_api.cc
442 silly gunzTarPerm extractEntry src/node_api.gyp
443 silly gunzTarPerm extractEntry src/node_api.h
444 silly gunzTarPerm extractEntry src/node_internals.cc
445 silly gunzTarPerm extractEntry src/node_internals.h
446 silly gunzTarPerm extractEntry src/nothing.c
447 silly gunzTarPerm extractEntry src/util-inl.h
448 silly gunzTarPerm extractEntry src/util.h
449 silly gunzTarPerm extractEntry tools/check-napi.js
450 silly gunzTarPerm extractEntry tools/conversion.js
451 silly gunzTarPerm extractEntry tools/README.md
452 silly gentlyRm /Users/raungreen/dev/projects/tourapi2019/node_modules/.staging/argon2-d8014cf6/node_modules is being purged
453 verbose gentlyRm don't care about contents; nuking /Users/raungreen/dev/projects/tourapi2019/node_modules/.staging/argon2-d8014cf6/node_modules
454 silly gentlyRm /Users/raungreen/dev/projects/tourapi2019/node_modules/.staging/node-addon-api-286e12de/node_modules is being purged
455 verbose gentlyRm don't care about contents; nuking /Users/raungreen/dev/projects/tourapi2019/node_modules/.staging/node-addon-api-286e12de/node_modules
456 silly doParallel preinstall 5
457 silly preinstall file-uri-to-path@1.0.0 /Users/raungreen/dev/projects/tourapi2019/node_modules/.staging/file-uri-to-path-427307d5
458 info lifecycle file-uri-to-path@1.0.0~preinstall: file-uri-to-path@1.0.0
459 silly preinstall @phc/format@0.5.0 /Users/raungreen/dev/projects/tourapi2019/node_modules/.staging/@phc/format-2b3da269
460 info lifecycle @phc/format@0.5.0~preinstall: @phc/format@0.5.0
461 silly preinstall bindings@1.5.0 /Users/raungreen/dev/projects/tourapi2019/node_modules/.staging/bindings-54025c45
462 info lifecycle bindings@1.5.0~preinstall: bindings@1.5.0
463 silly preinstall node-addon-api@1.6.3 /Users/raungreen/dev/projects/tourapi2019/node_modules/.staging/node-addon-api-286e12de
464 info lifecycle node-addon-api@1.6.3~preinstall: node-addon-api@1.6.3
465 silly preinstall argon2@0.21.0 /Users/raungreen/dev/projects/tourapi2019/node_modules/.staging/argon2-d8014cf6
466 info lifecycle argon2@0.21.0~preinstall: argon2@0.21.0
467 silly lifecycle file-uri-to-path@1.0.0~preinstall: no script for preinstall, continuing
468 silly lifecycle @phc/format@0.5.0~preinstall: no script for preinstall, continuing
469 silly lifecycle bindings@1.5.0~preinstall: no script for preinstall, continuing
470 silly lifecycle node-addon-api@1.6.3~preinstall: no script for preinstall, continuing
471 silly lifecycle argon2@0.21.0~preinstall: no script for preinstall, continuing
472 silly doReverseSerial remove 0
473 silly doSerial move 0
474 silly doSerial finalize 5
475 silly finalize /Users/raungreen/dev/projects/tourapi2019/node_modules/file-uri-to-path
476 silly finalize /Users/raungreen/dev/projects/tourapi2019/node_modules/@phc/format
477 silly finalize /Users/raungreen/dev/projects/tourapi2019/node_modules/bindings
478 silly finalize /Users/raungreen/dev/projects/tourapi2019/node_modules/node-addon-api
479 silly finalize /Users/raungreen/dev/projects/tourapi2019/node_modules/argon2
480 silly doSerial build 5
481 silly build file-uri-to-path@1.0.0
482 info linkStuff file-uri-to-path@1.0.0
483 silly linkStuff file-uri-to-path@1.0.0 has /Users/raungreen/dev/projects/tourapi2019/node_modules as its parent node_modules
484 verbose linkBins file-uri-to-path@1.0.0
485 verbose linkMans file-uri-to-path@1.0.0
486 silly build @phc/format@0.5.0
487 info linkStuff @phc/format@0.5.0
488 silly linkStuff @phc/format@0.5.0 has /Users/raungreen/dev/projects/tourapi2019/node_modules as its parent node_modules
489 verbose linkBins @phc/format@0.5.0
490 verbose linkMans @phc/format@0.5.0
491 silly build bindings@1.5.0
492 info linkStuff bindings@1.5.0
493 silly linkStuff bindings@1.5.0 has /Users/raungreen/dev/projects/tourapi2019/node_modules as its parent node_modules
494 verbose linkBins bindings@1.5.0
495 verbose linkMans bindings@1.5.0
496 silly build node-addon-api@1.6.3
497 info linkStuff node-addon-api@1.6.3
498 silly linkStuff node-addon-api@1.6.3 has /Users/raungreen/dev/projects/tourapi2019/node_modules as its parent node_modules
499 verbose linkBins node-addon-api@1.6.3
500 verbose linkMans node-addon-api@1.6.3
501 silly build argon2@0.21.0
502 info linkStuff argon2@0.21.0
503 silly linkStuff argon2@0.21.0 has /Users/raungreen/dev/projects/tourapi2019/node_modules as its parent node_modules
504 verbose linkBins argon2@0.21.0
505 verbose linkMans argon2@0.21.0
506 silly doSerial global-link 0
507 silly doParallel update-linked 0
508 silly doSerial install 5
509 silly install file-uri-to-path@1.0.0 /Users/raungreen/dev/projects/tourapi2019/node_modules/.staging/file-uri-to-path-427307d5
510 info lifecycle file-uri-to-path@1.0.0~install: file-uri-to-path@1.0.0
511 silly lifecycle file-uri-to-path@1.0.0~install: no script for install, continuing
512 silly install @phc/format@0.5.0 /Users/raungreen/dev/projects/tourapi2019/node_modules/.staging/@phc/format-2b3da269
513 info lifecycle @phc/format@0.5.0~install: @phc/format@0.5.0
514 silly lifecycle @phc/format@0.5.0~install: no script for install, continuing
515 silly install bindings@1.5.0 /Users/raungreen/dev/projects/tourapi2019/node_modules/.staging/bindings-54025c45
516 info lifecycle bindings@1.5.0~install: bindings@1.5.0
517 silly lifecycle bindings@1.5.0~install: no script for install, continuing
518 silly install node-addon-api@1.6.3 /Users/raungreen/dev/projects/tourapi2019/node_modules/.staging/node-addon-api-286e12de
519 info lifecycle node-addon-api@1.6.3~install: node-addon-api@1.6.3
520 silly lifecycle node-addon-api@1.6.3~install: no script for install, continuing
521 silly install argon2@0.21.0 /Users/raungreen/dev/projects/tourapi2019/node_modules/.staging/argon2-d8014cf6
522 info lifecycle argon2@0.21.0~install: argon2@0.21.0
523 verbose lifecycle argon2@0.21.0~install: unsafe-perm in lifecycle true
524 verbose lifecycle argon2@0.21.0~install: PATH: /Users/raungreen/node_modules/npm/bin/node-gyp-bin:/Users/raungreen/dev/projects/tourapi2019/node_modules/argon2/node_modules/.bin:/Users/raungreen/dev/projects/tourapi2019/node_modules/.bin:/Users/raungreen/dev/projects/tourapi2019/node_modules/.bin:/Users/raungreen/dev/projects/node_modules/.bin:/Users/raungreen/dev/node_modules/.bin:/Users/raungreen/node_modules/.bin:/Users/node_modules/.bin:/node_modules/.bin:/usr/local/bin:/Users/raungreen/anaconda3/bin:/Library/Frameworks/Python.framework/Versions/3.7/bin:/usr/local/bin:/usr/bin:/bin:/usr/sbin:/sbin:/Library/Frameworks/Python.framework/Versions/3.7/bin
525 verbose lifecycle argon2@0.21.0~install: CWD: /Users/raungreen/dev/projects/tourapi2019/node_modules/argon2
526 silly lifecycle argon2@0.21.0~install: Args: [ '-c', 'node-gyp rebuild' ]
527 silly lifecycle argon2@0.21.0~install: Returned: code: 1  signal: null
528 info lifecycle argon2@0.21.0~install: Failed to exec install script
529 verbose unlock done using /Users/raungreen/.npm/_locks/staging-a9e71ceab940c1e0.lock for /Users/raungreen/dev/projects/tourapi2019/node_modules/.staging
530 silly rollbackFailedOptional Starting
531 silly rollbackFailedOptional Finishing
532 silly runTopLevelLifecycles Finishing
533 silly install printInstalled
534 warn backend_api@1.0.0 No description
535 verbose If you need help, you may report this error at:
535 verbose     <https://github.com/npm/npm/issues>
536 warn backend_api@1.0.0 No repository field.
537 verbose If you need help, you may report this error at:
537 verbose     <https://github.com/npm/npm/issues>
538 verbose stack Error: argon2@0.21.0 install: `node-gyp rebuild`
538 verbose stack Exit status 1
538 verbose stack     at EventEmitter.<anonymous> (/Users/raungreen/node_modules/npm/lib/utils/lifecycle.js:255:16)
538 verbose stack     at EventEmitter.emit (events.js:189:13)
538 verbose stack     at ChildProcess.<anonymous> (/Users/raungreen/node_modules/npm/lib/utils/spawn.js:40:14)
538 verbose stack     at ChildProcess.emit (events.js:189:13)
538 verbose stack     at maybeClose (internal/child_process.js:970:16)
538 verbose stack     at Process.ChildProcess._handle.onexit (internal/child_process.js:259:5)
539 verbose pkgid argon2@0.21.0
540 verbose cwd /Users/raungreen/dev/projects/tourapi2019
541 error Darwin 18.5.0
542 error argv "/usr/local/bin/node" "/Users/raungreen/node_modules/.bin/npm" "install" "--save" "argon2@0.21.0" "--color=always"
543 error node v10.15.1
544 error npm  v3.10.10
545 error code ELIFECYCLE
546 error argon2@0.21.0 install: `node-gyp rebuild`
546 error Exit status 1
547 error Failed at the argon2@0.21.0 install script 'node-gyp rebuild'.
547 error Make sure you have the latest version of node.js and npm installed.
547 error If you do, this is most likely a problem with the argon2 package,
547 error not with npm itself.
547 error Tell the author that this fails on your system:
547 error     node-gyp rebuild
547 error You can get information on how to open an issue for this project with:
547 error     npm bugs argon2
547 error Or if that isn't available, you can get their info via:
547 error     npm owner ls argon2
547 error There is likely additional logging output above.
548 verbose exit [ 1, true ]
